<?xml version="1.0" encoding="UTF-8"?>
<!-- Generated by org.testng.reporters.JUnitReportReporter -->
<testsuite skipped="0" hostname="INBGQT-LT-0355" name="com.discovery.TestRunner.TestRunner" tests="1" failures="0" timestamp="21 Jul 2019 09:40:06 GMT" time="45.894" errors="0">
  <testcase name="feature" time="45.894" classname="com.discovery.TestRunner.TestRunner"/>
</testsuite> <!-- com.discovery.TestRunner.TestRunner -->
