<?xml version="1.0" encoding="UTF-8"?>
<!-- Generated by org.testng.reporters.JUnitReportReporter -->
<testsuite skipped="0" hostname="INBGQT-LT-0355" name="com.app.testcases.SampleTest" tests="1" failures="0" timestamp="18 Jul 2019 01:48:22 GMT" time="0.012" errors="0">
  <testcase name="add" time="0.012" classname="com.app.testcases.SampleTest"/>
</testsuite> <!-- com.app.testcases.SampleTest -->
